<?xml version="1.0" encoding="UTF-8"?>
<!-- Generated by org.testng.reporters.JUnitReportReporter -->
<testsuite hostname="DESKTOP-J3T55CM" failures="0" tests="3" name="com.test.com.day4" time="0.004" errors="0" timestamp="2022-04-11T22:48:33 IST" skipped="0">
  <testcase classname="com.test.com.day4" name="MobileLoginHomeLoan" time="0.001"/>
  <system-out/>
  <testcase classname="com.test.com.day4" name="WebLoginHomeLoan" time="0.001"/>
  <system-out/>
  <testcase classname="com.test.com.day4" name="LoginAPIHomeLoan" time="0.002"/>
  <system-out/>
</testsuite> <!-- com.test.com.day4 -->
