<?xml version="1.0" encoding="UTF-8"?>
<!-- Generated by org.testng.reporters.JUnitReportReporter -->
<testsuite hostname="DESKTOP-J3T55CM" failures="0" tests="5" name="com.test.com.day3" time="0.006" errors="0" timestamp="2022-04-11T22:48:33 IST" skipped="0">
  <testcase classname="com.test.com.day3" name="LoginAPICarLoan" time="0.001"/>
  <system-out/>
  <testcase classname="com.test.com.day3" name="WebLoginCarLoan" time="0.002"/>
  <system-out/>
  <testcase classname="com.test.com.day3" name="LoginAPICarLoan" time="0.001"/>
  <system-out/>
  <testcase classname="com.test.com.day3" name="WebLoginCarLoan" time="0.001"/>
  <system-out/>
  <testcase classname="com.test.com.day3" name="MobileLoginCarLoan" time="0.001"/>
  <system-out/>
</testsuite> <!-- com.test.com.day3 -->
