<?xml version="1.0" encoding="UTF-8"?>
<!-- Generated by org.testng.reporters.JUnitReportReporter -->
<testsuite hostname="DESKTOP-J3T55CM" failures="0" tests="1" name="com.test.com.day1" time="0.010" errors="0" timestamp="2022-04-11T22:48:33 IST" skipped="0">
  <testcase classname="com.test.com.day1" name="Test2" time="0.010"/>
  <system-out/>
</testsuite> <!-- com.test.com.day1 -->
